ERROR:root:Error during training: too many values to unpack (expected 2)
ERROR:root:Error during training: too many values to unpack (expected 2)
ERROR:root:Error during training: Invalid task type: None
ERROR:root:Error during training: Invalid task type: supervised
ERROR:root:Error during training: Invalid task type: supervised
ERROR:root:Error during training: Invalid task type: supervised
ERROR:root:Error during training: Invalid task type: supervised
ERROR:root:Error during training: Invalid task type: supervised
ERROR:root:Error during training: Invalid task type: supervised
ERROR:root:Error during training: Invalid task type: supervised
ERROR:root:Error during training: Invalid task type: supervised
ERROR:root:Error during training: 'NoneType' object has no attribute 'values'
ERROR:root:Error during training: Expected input images to be of floating type (in range [0, 1]), but found type torch.uint8 instead
ERROR:root:Error during training: Expected input images to be of floating type (in range [0, 1]), but found type torch.uint8 instead
ERROR:root:Error during training: Expected input images to be of floating type (in range [0, 1]), but found type torch.uint8 instead
ERROR:root:Error during training: Expected input images to be of floating type (in range [0, 1]), but found type torch.uint8 instead
ERROR:root:Error during training: Expected input images to be of floating type (in range [0, 1]), but found type torch.uint8 instead
ERROR:root:Error during training: Expected input images to be of floating type (in range [0, 1]), but found type torch.uint8 instead
ERROR:root:Error during training: Expected input images to be of floating type (in range [0, 1]), but found type torch.uint8 instead
ERROR:root:Error during training: Expected input images to be of floating type (in range [0, 1]), but found type torch.uint8 instead
ERROR:root:Error during training: Expected input images to be of floating type (in range [0, 1]), but found type torch.uint8 instead
ERROR:root:Error during training: Expected input images to be of floating type (in range [0, 1]), but found type torch.uint8 instead
ERROR:root:Error during training: Expected input images to be of floating type (in range [0, 1]), but found type torch.uint8 instead
ERROR:root:Error during training: Expected input images to be of floating type (in range [0, 1]), but found type torch.uint8 instead
ERROR:root:Error during training: Expected input images to be of floating type (in range [0, 1]), but found type torch.uint8 instead
ERROR:root:Error during training: Expected input images to be of floating type (in range [0, 1]), but found type torch.uint8 instead
ERROR:root:Error during training: Expected input images to be of floating type (in range [0, 1]), but found type torch.uint8 instead
ERROR:root:Error during training: Expected input images to be of floating type (in range [0, 1]), but found type torch.uint8 instead
ERROR:root:Error during training: 'NoneType' object has no attribute 'values'
ERROR:root:Error during training: conv2d() received an invalid combination of arguments - got (list, Parameter, NoneType, tuple, tuple, tuple, int), but expected one of:
 * (Tensor input, Tensor weight, Tensor bias, tuple of ints stride, tuple of ints padding, tuple of ints dilation, int groups)
      didn't match because some of the arguments have invalid types: ([31;1mlist[0m, [31;1mParameter[0m, [31;1mNoneType[0m, [31;1mtuple[0m, [31;1mtuple[0m, [31;1mtuple[0m, [32;1mint[0m)
 * (Tensor input, Tensor weight, Tensor bias, tuple of ints stride, str padding, tuple of ints dilation, int groups)
      didn't match because some of the arguments have invalid types: ([31;1mlist[0m, [31;1mParameter[0m, [31;1mNoneType[0m, [31;1mtuple[0m, [31;1mtuple[0m, [31;1mtuple[0m, [32;1mint[0m)

ERROR:root:Error during training: conv2d() received an invalid combination of arguments - got (list, Parameter, NoneType, tuple, tuple, tuple, int), but expected one of:
 * (Tensor input, Tensor weight, Tensor bias, tuple of ints stride, tuple of ints padding, tuple of ints dilation, int groups)
      didn't match because some of the arguments have invalid types: ([31;1mlist[0m, [31;1mParameter[0m, [31;1mNoneType[0m, [31;1mtuple[0m, [31;1mtuple[0m, [31;1mtuple[0m, [32;1mint[0m)
 * (Tensor input, Tensor weight, Tensor bias, tuple of ints stride, str padding, tuple of ints dilation, int groups)
      didn't match because some of the arguments have invalid types: ([31;1mlist[0m, [31;1mParameter[0m, [31;1mNoneType[0m, [31;1mtuple[0m, [31;1mtuple[0m, [31;1mtuple[0m, [32;1mint[0m)

ERROR:root:Error during training: conv2d() received an invalid combination of arguments - got (list, Parameter, NoneType, tuple, tuple, tuple, int), but expected one of:
 * (Tensor input, Tensor weight, Tensor bias, tuple of ints stride, tuple of ints padding, tuple of ints dilation, int groups)
      didn't match because some of the arguments have invalid types: ([31;1mlist[0m, [31;1mParameter[0m, [31;1mNoneType[0m, [31;1mtuple[0m, [31;1mtuple[0m, [31;1mtuple[0m, [32;1mint[0m)
 * (Tensor input, Tensor weight, Tensor bias, tuple of ints stride, str padding, tuple of ints dilation, int groups)
      didn't match because some of the arguments have invalid types: ([31;1mlist[0m, [31;1mParameter[0m, [31;1mNoneType[0m, [31;1mtuple[0m, [31;1mtuple[0m, [31;1mtuple[0m, [32;1mint[0m)

ERROR:root:Error during training: conv2d() received an invalid combination of arguments - got (list, Parameter, NoneType, tuple, tuple, tuple, int), but expected one of:
 * (Tensor input, Tensor weight, Tensor bias, tuple of ints stride, tuple of ints padding, tuple of ints dilation, int groups)
      didn't match because some of the arguments have invalid types: ([31;1mlist[0m, [31;1mParameter[0m, [31;1mNoneType[0m, [31;1mtuple[0m, [31;1mtuple[0m, [31;1mtuple[0m, [32;1mint[0m)
 * (Tensor input, Tensor weight, Tensor bias, tuple of ints stride, str padding, tuple of ints dilation, int groups)
      didn't match because some of the arguments have invalid types: ([31;1mlist[0m, [31;1mParameter[0m, [31;1mNoneType[0m, [31;1mtuple[0m, [31;1mtuple[0m, [31;1mtuple[0m, [32;1mint[0m)

ERROR:root:Error during training: conv2d() received an invalid combination of arguments - got (list, Parameter, NoneType, tuple, tuple, tuple, int), but expected one of:
 * (Tensor input, Tensor weight, Tensor bias, tuple of ints stride, tuple of ints padding, tuple of ints dilation, int groups)
      didn't match because some of the arguments have invalid types: ([31;1mlist[0m, [31;1mParameter[0m, [31;1mNoneType[0m, [31;1mtuple[0m, [31;1mtuple[0m, [31;1mtuple[0m, [32;1mint[0m)
 * (Tensor input, Tensor weight, Tensor bias, tuple of ints stride, str padding, tuple of ints dilation, int groups)
      didn't match because some of the arguments have invalid types: ([31;1mlist[0m, [31;1mParameter[0m, [31;1mNoneType[0m, [31;1mtuple[0m, [31;1mtuple[0m, [31;1mtuple[0m, [32;1mint[0m)

ERROR:root:Error during training: conv2d() received an invalid combination of arguments - got (list, Parameter, NoneType, tuple, tuple, tuple, int), but expected one of:
 * (Tensor input, Tensor weight, Tensor bias, tuple of ints stride, tuple of ints padding, tuple of ints dilation, int groups)
      didn't match because some of the arguments have invalid types: ([31;1mlist[0m, [31;1mParameter[0m, [31;1mNoneType[0m, [31;1mtuple[0m, [31;1mtuple[0m, [31;1mtuple[0m, [32;1mint[0m)
 * (Tensor input, Tensor weight, Tensor bias, tuple of ints stride, str padding, tuple of ints dilation, int groups)
      didn't match because some of the arguments have invalid types: ([31;1mlist[0m, [31;1mParameter[0m, [31;1mNoneType[0m, [31;1mtuple[0m, [31;1mtuple[0m, [31;1mtuple[0m, [32;1mint[0m)

ERROR:root:Error during training: conv2d() received an invalid combination of arguments - got (list, Parameter, NoneType, tuple, tuple, tuple, int), but expected one of:
 * (Tensor input, Tensor weight, Tensor bias, tuple of ints stride, tuple of ints padding, tuple of ints dilation, int groups)
      didn't match because some of the arguments have invalid types: ([31;1mlist[0m, [31;1mParameter[0m, [31;1mNoneType[0m, [31;1mtuple[0m, [31;1mtuple[0m, [31;1mtuple[0m, [32;1mint[0m)
 * (Tensor input, Tensor weight, Tensor bias, tuple of ints stride, str padding, tuple of ints dilation, int groups)
      didn't match because some of the arguments have invalid types: ([31;1mlist[0m, [31;1mParameter[0m, [31;1mNoneType[0m, [31;1mtuple[0m, [31;1mtuple[0m, [31;1mtuple[0m, [32;1mint[0m)

ERROR:root:Error during training: conv2d() received an invalid combination of arguments - got (list, Parameter, NoneType, tuple, tuple, tuple, int), but expected one of:
 * (Tensor input, Tensor weight, Tensor bias, tuple of ints stride, tuple of ints padding, tuple of ints dilation, int groups)
      didn't match because some of the arguments have invalid types: ([31;1mlist[0m, [31;1mParameter[0m, [31;1mNoneType[0m, [31;1mtuple[0m, [31;1mtuple[0m, [31;1mtuple[0m, [32;1mint[0m)
 * (Tensor input, Tensor weight, Tensor bias, tuple of ints stride, str padding, tuple of ints dilation, int groups)
      didn't match because some of the arguments have invalid types: ([31;1mlist[0m, [31;1mParameter[0m, [31;1mNoneType[0m, [31;1mtuple[0m, [31;1mtuple[0m, [31;1mtuple[0m, [32;1mint[0m)

ERROR:root:Error during training: 'collections.OrderedDict' object has no attribute 'size'
ERROR:root:Error during training: conv2d() received an invalid combination of arguments - got (list, Parameter, NoneType, tuple, tuple, tuple, int), but expected one of:
 * (Tensor input, Tensor weight, Tensor bias, tuple of ints stride, tuple of ints padding, tuple of ints dilation, int groups)
      didn't match because some of the arguments have invalid types: ([31;1mlist[0m, [31;1mParameter[0m, [31;1mNoneType[0m, [31;1mtuple[0m, [31;1mtuple[0m, [31;1mtuple[0m, [32;1mint[0m)
 * (Tensor input, Tensor weight, Tensor bias, tuple of ints stride, str padding, tuple of ints dilation, int groups)
      didn't match because some of the arguments have invalid types: ([31;1mlist[0m, [31;1mParameter[0m, [31;1mNoneType[0m, [31;1mtuple[0m, [31;1mtuple[0m, [31;1mtuple[0m, [32;1mint[0m)

ERROR:root:Error during training: conv2d() received an invalid combination of arguments - got (list, Parameter, NoneType, tuple, tuple, tuple, int), but expected one of:
 * (Tensor input, Tensor weight, Tensor bias, tuple of ints stride, tuple of ints padding, tuple of ints dilation, int groups)
      didn't match because some of the arguments have invalid types: ([31;1mlist[0m, [31;1mParameter[0m, [31;1mNoneType[0m, [31;1mtuple[0m, [31;1mtuple[0m, [31;1mtuple[0m, [32;1mint[0m)
 * (Tensor input, Tensor weight, Tensor bias, tuple of ints stride, str padding, tuple of ints dilation, int groups)
      didn't match because some of the arguments have invalid types: ([31;1mlist[0m, [31;1mParameter[0m, [31;1mNoneType[0m, [31;1mtuple[0m, [31;1mtuple[0m, [31;1mtuple[0m, [32;1mint[0m)

ERROR:root:Error during training: conv2d() received an invalid combination of arguments - got (list, Parameter, NoneType, tuple, tuple, tuple, int), but expected one of:
 * (Tensor input, Tensor weight, Tensor bias, tuple of ints stride, tuple of ints padding, tuple of ints dilation, int groups)
      didn't match because some of the arguments have invalid types: ([31;1mlist[0m, [31;1mParameter[0m, [31;1mNoneType[0m, [31;1mtuple[0m, [31;1mtuple[0m, [31;1mtuple[0m, [32;1mint[0m)
 * (Tensor input, Tensor weight, Tensor bias, tuple of ints stride, str padding, tuple of ints dilation, int groups)
      didn't match because some of the arguments have invalid types: ([31;1mlist[0m, [31;1mParameter[0m, [31;1mNoneType[0m, [31;1mtuple[0m, [31;1mtuple[0m, [31;1mtuple[0m, [32;1mint[0m)

ERROR:root:Error during training: conv2d() received an invalid combination of arguments - got (list, Parameter, NoneType, tuple, tuple, tuple, int), but expected one of:
 * (Tensor input, Tensor weight, Tensor bias, tuple of ints stride, tuple of ints padding, tuple of ints dilation, int groups)
      didn't match because some of the arguments have invalid types: ([31;1mlist[0m, [31;1mParameter[0m, [31;1mNoneType[0m, [31;1mtuple[0m, [31;1mtuple[0m, [31;1mtuple[0m, [32;1mint[0m)
 * (Tensor input, Tensor weight, Tensor bias, tuple of ints stride, str padding, tuple of ints dilation, int groups)
      didn't match because some of the arguments have invalid types: ([31;1mlist[0m, [31;1mParameter[0m, [31;1mNoneType[0m, [31;1mtuple[0m, [31;1mtuple[0m, [31;1mtuple[0m, [32;1mint[0m)

ERROR:root:Error during training: conv2d() received an invalid combination of arguments - got (list, Parameter, NoneType, tuple, tuple, tuple, int), but expected one of:
 * (Tensor input, Tensor weight, Tensor bias, tuple of ints stride, tuple of ints padding, tuple of ints dilation, int groups)
      didn't match because some of the arguments have invalid types: ([31;1mlist[0m, [31;1mParameter[0m, [31;1mNoneType[0m, [31;1mtuple[0m, [31;1mtuple[0m, [31;1mtuple[0m, [32;1mint[0m)
 * (Tensor input, Tensor weight, Tensor bias, tuple of ints stride, str padding, tuple of ints dilation, int groups)
      didn't match because some of the arguments have invalid types: ([31;1mlist[0m, [31;1mParameter[0m, [31;1mNoneType[0m, [31;1mtuple[0m, [31;1mtuple[0m, [31;1mtuple[0m, [32;1mint[0m)

ERROR:root:Error during training: 'collections.OrderedDict' object has no attribute 'size'
ERROR:root:Error during training: 'Tensor' object has no attribute 'sqeeze'
ERROR:root:Error during training: affine_grid only supports 4D and 5D sizes, for 2D and 3D affine transforms, respectively. Got size torch.Size([3, 1000, 1000]).
ERROR:root:Error during training: affine_grid only supports 4D and 5D sizes, for 2D and 3D affine transforms, respectively. Got size torch.Size([3, 1000, 1000]).
ERROR:root:Error during training: 'collections.OrderedDict' object has no attribute 'size'
ERROR:root:Error during training: 'Tensor' object has no attribute 'sqeeze'
ERROR:root:Error during training: 'collections.OrderedDict' object has no attribute 'size'
ERROR:root:Error during training: 'Tensor' object has no attribute 'sqeeze'
ERROR:root:Error during training: 'Tensor' object has no attribute 'sqeeze'
ERROR:root:Error during training: 'Tensor' object has no attribute 'sqeeze'
ERROR:root:Error during training: 'Tensor' object has no attribute 'sqeeze'
ERROR:root:Error during training: 'Tensor' object has no attribute 'sqeeze'
ERROR:root:Error during training: 'Tensor' object has no attribute 'sqeeze'
ERROR:root:Error during training: 'Tensor' object has no attribute 'sqeeze'
ERROR:root:Error during training: Expected input images to be of floating type (in range [0, 1]), but found type torch.uint8 instead
ERROR:root:Error during training: Expected input images to be of floating type (in range [0, 1]), but found type torch.uint8 instead
ERROR:root:Error during training: Expected input images to be of floating type (in range [0, 1]), but found type torch.uint8 instead
ERROR:root:Error during training: conv2d() received an invalid combination of arguments - got (list, Parameter, NoneType, tuple, tuple, tuple, int), but expected one of:
 * (Tensor input, Tensor weight, Tensor bias, tuple of ints stride, tuple of ints padding, tuple of ints dilation, int groups)
      didn't match because some of the arguments have invalid types: ([31;1mlist[0m, [31;1mParameter[0m, [31;1mNoneType[0m, [31;1mtuple[0m, [31;1mtuple[0m, [31;1mtuple[0m, [32;1mint[0m)
 * (Tensor input, Tensor weight, Tensor bias, tuple of ints stride, str padding, tuple of ints dilation, int groups)
      didn't match because some of the arguments have invalid types: ([31;1mlist[0m, [31;1mParameter[0m, [31;1mNoneType[0m, [31;1mtuple[0m, [31;1mtuple[0m, [31;1mtuple[0m, [32;1mint[0m)

ERROR:root:Error during training: conv2d() received an invalid combination of arguments - got (list, Parameter, NoneType, tuple, tuple, tuple, int), but expected one of:
 * (Tensor input, Tensor weight, Tensor bias, tuple of ints stride, tuple of ints padding, tuple of ints dilation, int groups)
      didn't match because some of the arguments have invalid types: ([31;1mlist[0m, [31;1mParameter[0m, [31;1mNoneType[0m, [31;1mtuple[0m, [31;1mtuple[0m, [31;1mtuple[0m, [32;1mint[0m)
 * (Tensor input, Tensor weight, Tensor bias, tuple of ints stride, str padding, tuple of ints dilation, int groups)
      didn't match because some of the arguments have invalid types: ([31;1mlist[0m, [31;1mParameter[0m, [31;1mNoneType[0m, [31;1mtuple[0m, [31;1mtuple[0m, [31;1mtuple[0m, [32;1mint[0m)

ERROR:root:Error during training: Expected input images to be of floating type (in range [0, 1]), but found type torch.uint8 instead
ERROR:root:Error during training: 'list' object has no attribute 'shape'
ERROR:root:Error during training: 'list' object has no attribute 'shape'
ERROR:root:Error during training: 'list' object has no attribute 'size'
ERROR:root:Error during training: Expected input images to be of floating type (in range [0, 1]), but found type torch.uint8 instead
ERROR:root:Error during training: Expected input images to be of floating type (in range [0, 1]), but found type torch.uint8 instead
ERROR:root:Error during training: Expected input images to be of floating type (in range [0, 1]), but found type torch.uint8 instead
ERROR:root:Error during training: Expected input images to be of floating type (in range [0, 1]), but found type torch.uint8 instead
ERROR:root:Error during training: Expected input images to be of floating type (in range [0, 1]), but found type torch.uint8 instead
ERROR:root:Error during training: Expected input images to be of floating type (in range [0, 1]), but found type torch.uint8 instead
ERROR:root:Error during training: Expected input images to be of floating type (in range [0, 1]), but found type torch.uint8 instead
ERROR:root:Error during training: conv2d() received an invalid combination of arguments - got (list, Parameter, NoneType, tuple, tuple, tuple, int), but expected one of:
 * (Tensor input, Tensor weight, Tensor bias, tuple of ints stride, tuple of ints padding, tuple of ints dilation, int groups)
      didn't match because some of the arguments have invalid types: ([31;1mlist[0m, [31;1mParameter[0m, [31;1mNoneType[0m, [31;1mtuple[0m, [31;1mtuple[0m, [31;1mtuple[0m, [32;1mint[0m)
 * (Tensor input, Tensor weight, Tensor bias, tuple of ints stride, str padding, tuple of ints dilation, int groups)
      didn't match because some of the arguments have invalid types: ([31;1mlist[0m, [31;1mParameter[0m, [31;1mNoneType[0m, [31;1mtuple[0m, [31;1mtuple[0m, [31;1mtuple[0m, [32;1mint[0m)

ERROR:root:Error during training: Expected input images to be of floating type (in range [0, 1]), but found type torch.uint8 instead
ERROR:root:Error during training: All bounding boxes should have positive height and width. Found invalid box [246.5124969482422, 195.0, 66.625, 23.333332061767578] for target at index 0.
ERROR:root:Error during training: conv2d() received an invalid combination of arguments - got (list, Parameter, NoneType, tuple, tuple, tuple, int), but expected one of:
 * (Tensor input, Tensor weight, Tensor bias, tuple of ints stride, tuple of ints padding, tuple of ints dilation, int groups)
      didn't match because some of the arguments have invalid types: ([31;1mlist[0m, [31;1mParameter[0m, [31;1mNoneType[0m, [31;1mtuple[0m, [31;1mtuple[0m, [31;1mtuple[0m, [32;1mint[0m)
 * (Tensor input, Tensor weight, Tensor bias, tuple of ints stride, str padding, tuple of ints dilation, int groups)
      didn't match because some of the arguments have invalid types: ([31;1mlist[0m, [31;1mParameter[0m, [31;1mNoneType[0m, [31;1mtuple[0m, [31;1mtuple[0m, [31;1mtuple[0m, [32;1mint[0m)

ERROR:root:Error during training: All bounding boxes should have positive height and width. Found invalid box [246.5124969482422, 195.0, 66.625, 23.333332061767578] for target at index 0.
ERROR:root:Error during training: 'list' object has no attribute 'shape'
ERROR:root:Error during training: 'list' object has no attribute 'shape'
ERROR:root:Error during training: 'list' object has no attribute 'shape'
ERROR:root:Error during training: conv2d() received an invalid combination of arguments - got (list, Parameter, NoneType, tuple, tuple, tuple, int), but expected one of:
 * (Tensor input, Tensor weight, Tensor bias, tuple of ints stride, tuple of ints padding, tuple of ints dilation, int groups)
      didn't match because some of the arguments have invalid types: ([31;1mlist[0m, [31;1mParameter[0m, [31;1mNoneType[0m, [31;1mtuple[0m, [31;1mtuple[0m, [31;1mtuple[0m, [32;1mint[0m)
 * (Tensor input, Tensor weight, Tensor bias, tuple of ints stride, str padding, tuple of ints dilation, int groups)
      didn't match because some of the arguments have invalid types: ([31;1mlist[0m, [31;1mParameter[0m, [31;1mNoneType[0m, [31;1mtuple[0m, [31;1mtuple[0m, [31;1mtuple[0m, [32;1mint[0m)

ERROR:root:Error during training: 'list' object has no attribute 'shape'
ERROR:root:Error during training: 'list' object has no attribute 'shape'
ERROR:root:Error during training: conv2d() received an invalid combination of arguments - got (list, Parameter, NoneType, tuple, tuple, tuple, int), but expected one of:
 * (Tensor input, Tensor weight, Tensor bias, tuple of ints stride, tuple of ints padding, tuple of ints dilation, int groups)
      didn't match because some of the arguments have invalid types: ([31;1mlist[0m, [31;1mParameter[0m, [31;1mNoneType[0m, [31;1mtuple[0m, [31;1mtuple[0m, [31;1mtuple[0m, [32;1mint[0m)
 * (Tensor input, Tensor weight, Tensor bias, tuple of ints stride, str padding, tuple of ints dilation, int groups)
      didn't match because some of the arguments have invalid types: ([31;1mlist[0m, [31;1mParameter[0m, [31;1mNoneType[0m, [31;1mtuple[0m, [31;1mtuple[0m, [31;1mtuple[0m, [32;1mint[0m)

ERROR:root:Error during training: All bounding boxes should have positive height and width. Found invalid box [246.5124969482422, 195.0, 66.625, 23.333332061767578] for target at index 0.
ERROR:root:Error during training: All bounding boxes should have positive height and width. Found invalid box [246.5124969482422, 195.0, 66.625, 23.333332061767578] for target at index 0.
ERROR:root:Error during training: conv2d() received an invalid combination of arguments - got (list, Parameter, NoneType, tuple, tuple, tuple, int), but expected one of:
 * (Tensor input, Tensor weight, Tensor bias, tuple of ints stride, tuple of ints padding, tuple of ints dilation, int groups)
      didn't match because some of the arguments have invalid types: ([31;1mlist[0m, [31;1mParameter[0m, [31;1mNoneType[0m, [31;1mtuple[0m, [31;1mtuple[0m, [31;1mtuple[0m, [32;1mint[0m)
 * (Tensor input, Tensor weight, Tensor bias, tuple of ints stride, str padding, tuple of ints dilation, int groups)
      didn't match because some of the arguments have invalid types: ([31;1mlist[0m, [31;1mParameter[0m, [31;1mNoneType[0m, [31;1mtuple[0m, [31;1mtuple[0m, [31;1mtuple[0m, [32;1mint[0m)

ERROR:root:Error during training: conv2d() received an invalid combination of arguments - got (list, Parameter, NoneType, tuple, tuple, tuple, int), but expected one of:
 * (Tensor input, Tensor weight, Tensor bias, tuple of ints stride, tuple of ints padding, tuple of ints dilation, int groups)
      didn't match because some of the arguments have invalid types: ([31;1mlist[0m, [31;1mParameter[0m, [31;1mNoneType[0m, [31;1mtuple[0m, [31;1mtuple[0m, [31;1mtuple[0m, [32;1mint[0m)
 * (Tensor input, Tensor weight, Tensor bias, tuple of ints stride, str padding, tuple of ints dilation, int groups)
      didn't match because some of the arguments have invalid types: ([31;1mlist[0m, [31;1mParameter[0m, [31;1mNoneType[0m, [31;1mtuple[0m, [31;1mtuple[0m, [31;1mtuple[0m, [32;1mint[0m)

ERROR:root:Error during training: conv2d() received an invalid combination of arguments - got (list, Parameter, NoneType, tuple, tuple, tuple, int), but expected one of:
 * (Tensor input, Tensor weight, Tensor bias, tuple of ints stride, tuple of ints padding, tuple of ints dilation, int groups)
      didn't match because some of the arguments have invalid types: ([31;1mlist[0m, [31;1mParameter[0m, [31;1mNoneType[0m, [31;1mtuple[0m, [31;1mtuple[0m, [31;1mtuple[0m, [32;1mint[0m)
 * (Tensor input, Tensor weight, Tensor bias, tuple of ints stride, str padding, tuple of ints dilation, int groups)
      didn't match because some of the arguments have invalid types: ([31;1mlist[0m, [31;1mParameter[0m, [31;1mNoneType[0m, [31;1mtuple[0m, [31;1mtuple[0m, [31;1mtuple[0m, [32;1mint[0m)

ERROR:root:Error during training: conv2d() received an invalid combination of arguments - got (list, Parameter, NoneType, tuple, tuple, tuple, int), but expected one of:
 * (Tensor input, Tensor weight, Tensor bias, tuple of ints stride, tuple of ints padding, tuple of ints dilation, int groups)
      didn't match because some of the arguments have invalid types: ([31;1mlist[0m, [31;1mParameter[0m, [31;1mNoneType[0m, [31;1mtuple[0m, [31;1mtuple[0m, [31;1mtuple[0m, [32;1mint[0m)
 * (Tensor input, Tensor weight, Tensor bias, tuple of ints stride, str padding, tuple of ints dilation, int groups)
      didn't match because some of the arguments have invalid types: ([31;1mlist[0m, [31;1mParameter[0m, [31;1mNoneType[0m, [31;1mtuple[0m, [31;1mtuple[0m, [31;1mtuple[0m, [32;1mint[0m)

ERROR:root:Error during training: conv2d() received an invalid combination of arguments - got (list, Parameter, NoneType, tuple, tuple, tuple, int), but expected one of:
 * (Tensor input, Tensor weight, Tensor bias, tuple of ints stride, tuple of ints padding, tuple of ints dilation, int groups)
      didn't match because some of the arguments have invalid types: ([31;1mlist[0m, [31;1mParameter[0m, [31;1mNoneType[0m, [31;1mtuple[0m, [31;1mtuple[0m, [31;1mtuple[0m, [32;1mint[0m)
 * (Tensor input, Tensor weight, Tensor bias, tuple of ints stride, str padding, tuple of ints dilation, int groups)
      didn't match because some of the arguments have invalid types: ([31;1mlist[0m, [31;1mParameter[0m, [31;1mNoneType[0m, [31;1mtuple[0m, [31;1mtuple[0m, [31;1mtuple[0m, [32;1mint[0m)

ERROR:root:Error during training: conv2d() received an invalid combination of arguments - got (list, Parameter, NoneType, tuple, tuple, tuple, int), but expected one of:
 * (Tensor input, Tensor weight, Tensor bias, tuple of ints stride, tuple of ints padding, tuple of ints dilation, int groups)
      didn't match because some of the arguments have invalid types: ([31;1mlist[0m, [31;1mParameter[0m, [31;1mNoneType[0m, [31;1mtuple[0m, [31;1mtuple[0m, [31;1mtuple[0m, [32;1mint[0m)
 * (Tensor input, Tensor weight, Tensor bias, tuple of ints stride, str padding, tuple of ints dilation, int groups)
      didn't match because some of the arguments have invalid types: ([31;1mlist[0m, [31;1mParameter[0m, [31;1mNoneType[0m, [31;1mtuple[0m, [31;1mtuple[0m, [31;1mtuple[0m, [32;1mint[0m)

ERROR:root:Error during training: conv2d() received an invalid combination of arguments - got (list, Parameter, NoneType, tuple, tuple, tuple, int), but expected one of:
 * (Tensor input, Tensor weight, Tensor bias, tuple of ints stride, tuple of ints padding, tuple of ints dilation, int groups)
      didn't match because some of the arguments have invalid types: ([31;1mlist[0m, [31;1mParameter[0m, [31;1mNoneType[0m, [31;1mtuple[0m, [31;1mtuple[0m, [31;1mtuple[0m, [32;1mint[0m)
 * (Tensor input, Tensor weight, Tensor bias, tuple of ints stride, str padding, tuple of ints dilation, int groups)
      didn't match because some of the arguments have invalid types: ([31;1mlist[0m, [31;1mParameter[0m, [31;1mNoneType[0m, [31;1mtuple[0m, [31;1mtuple[0m, [31;1mtuple[0m, [32;1mint[0m)

ERROR:root:Error during training: conv2d() received an invalid combination of arguments - got (list, Parameter, NoneType, tuple, tuple, tuple, int), but expected one of:
 * (Tensor input, Tensor weight, Tensor bias, tuple of ints stride, tuple of ints padding, tuple of ints dilation, int groups)
      didn't match because some of the arguments have invalid types: ([31;1mlist[0m, [31;1mParameter[0m, [31;1mNoneType[0m, [31;1mtuple[0m, [31;1mtuple[0m, [31;1mtuple[0m, [32;1mint[0m)
 * (Tensor input, Tensor weight, Tensor bias, tuple of ints stride, str padding, tuple of ints dilation, int groups)
      didn't match because some of the arguments have invalid types: ([31;1mlist[0m, [31;1mParameter[0m, [31;1mNoneType[0m, [31;1mtuple[0m, [31;1mtuple[0m, [31;1mtuple[0m, [32;1mint[0m)

ERROR:root:Error during training: conv2d() received an invalid combination of arguments - got (list, Parameter, NoneType, tuple, tuple, tuple, int), but expected one of:
 * (Tensor input, Tensor weight, Tensor bias, tuple of ints stride, tuple of ints padding, tuple of ints dilation, int groups)
      didn't match because some of the arguments have invalid types: ([31;1mlist[0m, [31;1mParameter[0m, [31;1mNoneType[0m, [31;1mtuple[0m, [31;1mtuple[0m, [31;1mtuple[0m, [32;1mint[0m)
 * (Tensor input, Tensor weight, Tensor bias, tuple of ints stride, str padding, tuple of ints dilation, int groups)
      didn't match because some of the arguments have invalid types: ([31;1mlist[0m, [31;1mParameter[0m, [31;1mNoneType[0m, [31;1mtuple[0m, [31;1mtuple[0m, [31;1mtuple[0m, [32;1mint[0m)

ERROR:root:Error during training: conv2d() received an invalid combination of arguments - got (list, Parameter, NoneType, tuple, tuple, tuple, int), but expected one of:
 * (Tensor input, Tensor weight, Tensor bias, tuple of ints stride, tuple of ints padding, tuple of ints dilation, int groups)
      didn't match because some of the arguments have invalid types: ([31;1mlist[0m, [31;1mParameter[0m, [31;1mNoneType[0m, [31;1mtuple[0m, [31;1mtuple[0m, [31;1mtuple[0m, [32;1mint[0m)
 * (Tensor input, Tensor weight, Tensor bias, tuple of ints stride, str padding, tuple of ints dilation, int groups)
      didn't match because some of the arguments have invalid types: ([31;1mlist[0m, [31;1mParameter[0m, [31;1mNoneType[0m, [31;1mtuple[0m, [31;1mtuple[0m, [31;1mtuple[0m, [32;1mint[0m)

ERROR:root:Error during training: conv2d() received an invalid combination of arguments - got (list, Parameter, NoneType, tuple, tuple, tuple, int), but expected one of:
 * (Tensor input, Tensor weight, Tensor bias, tuple of ints stride, tuple of ints padding, tuple of ints dilation, int groups)
      didn't match because some of the arguments have invalid types: ([31;1mlist[0m, [31;1mParameter[0m, [31;1mNoneType[0m, [31;1mtuple[0m, [31;1mtuple[0m, [31;1mtuple[0m, [32;1mint[0m)
 * (Tensor input, Tensor weight, Tensor bias, tuple of ints stride, str padding, tuple of ints dilation, int groups)
      didn't match because some of the arguments have invalid types: ([31;1mlist[0m, [31;1mParameter[0m, [31;1mNoneType[0m, [31;1mtuple[0m, [31;1mtuple[0m, [31;1mtuple[0m, [32;1mint[0m)

ERROR:root:Error during training: conv2d() received an invalid combination of arguments - got (list, Parameter, NoneType, tuple, tuple, tuple, int), but expected one of:
 * (Tensor input, Tensor weight, Tensor bias, tuple of ints stride, tuple of ints padding, tuple of ints dilation, int groups)
      didn't match because some of the arguments have invalid types: ([31;1mlist[0m, [31;1mParameter[0m, [31;1mNoneType[0m, [31;1mtuple[0m, [31;1mtuple[0m, [31;1mtuple[0m, [32;1mint[0m)
 * (Tensor input, Tensor weight, Tensor bias, tuple of ints stride, str padding, tuple of ints dilation, int groups)
      didn't match because some of the arguments have invalid types: ([31;1mlist[0m, [31;1mParameter[0m, [31;1mNoneType[0m, [31;1mtuple[0m, [31;1mtuple[0m, [31;1mtuple[0m, [32;1mint[0m)

ERROR:root:Error during training: 'tuple' object has no attribute 'to'
ERROR:root:Error during training: conv2d() received an invalid combination of arguments - got (list, Parameter, NoneType, tuple, tuple, tuple, int), but expected one of:
 * (Tensor input, Tensor weight, Tensor bias, tuple of ints stride, tuple of ints padding, tuple of ints dilation, int groups)
      didn't match because some of the arguments have invalid types: ([31;1mlist[0m, [31;1mParameter[0m, [31;1mNoneType[0m, [31;1mtuple[0m, [31;1mtuple[0m, [31;1mtuple[0m, [32;1mint[0m)
 * (Tensor input, Tensor weight, Tensor bias, tuple of ints stride, str padding, tuple of ints dilation, int groups)
      didn't match because some of the arguments have invalid types: ([31;1mlist[0m, [31;1mParameter[0m, [31;1mNoneType[0m, [31;1mtuple[0m, [31;1mtuple[0m, [31;1mtuple[0m, [32;1mint[0m)

ERROR:root:Error during training: 'tuple' object has no attribute 'shape'
ERROR:root:Error during training: conv2d() received an invalid combination of arguments - got (list, Parameter, NoneType, tuple, tuple, tuple, int), but expected one of:
 * (Tensor input, Tensor weight, Tensor bias, tuple of ints stride, tuple of ints padding, tuple of ints dilation, int groups)
      didn't match because some of the arguments have invalid types: ([31;1mlist[0m, [31;1mParameter[0m, [31;1mNoneType[0m, [31;1mtuple[0m, [31;1mtuple[0m, [31;1mtuple[0m, [32;1mint[0m)
 * (Tensor input, Tensor weight, Tensor bias, tuple of ints stride, str padding, tuple of ints dilation, int groups)
      didn't match because some of the arguments have invalid types: ([31;1mlist[0m, [31;1mParameter[0m, [31;1mNoneType[0m, [31;1mtuple[0m, [31;1mtuple[0m, [31;1mtuple[0m, [32;1mint[0m)

ERROR:root:Error during training: 'collections.OrderedDict' object has no attribute 'size'
ERROR:root:Error during training: 'collections.OrderedDict' object has no attribute 'size'
ERROR:root:Error during training: 'collections.OrderedDict' object has no attribute 'size'
ERROR:root:Error during training: 'collections.OrderedDict' object has no attribute 'size'
ERROR:root:Error during training: conv2d() received an invalid combination of arguments - got (list, Parameter, NoneType, tuple, tuple, tuple, int), but expected one of:
 * (Tensor input, Tensor weight, Tensor bias, tuple of ints stride, tuple of ints padding, tuple of ints dilation, int groups)
      didn't match because some of the arguments have invalid types: ([31;1mlist[0m, [31;1mParameter[0m, [31;1mNoneType[0m, [31;1mtuple[0m, [31;1mtuple[0m, [31;1mtuple[0m, [32;1mint[0m)
 * (Tensor input, Tensor weight, Tensor bias, tuple of ints stride, str padding, tuple of ints dilation, int groups)
      didn't match because some of the arguments have invalid types: ([31;1mlist[0m, [31;1mParameter[0m, [31;1mNoneType[0m, [31;1mtuple[0m, [31;1mtuple[0m, [31;1mtuple[0m, [32;1mint[0m)

ERROR:root:Error during training: 'collections.OrderedDict' object has no attribute 'size'
ERROR:root:Error during training: conv2d() received an invalid combination of arguments - got (list, Parameter, NoneType, tuple, tuple, tuple, int), but expected one of:
 * (Tensor input, Tensor weight, Tensor bias, tuple of ints stride, tuple of ints padding, tuple of ints dilation, int groups)
      didn't match because some of the arguments have invalid types: ([31;1mlist[0m, [31;1mParameter[0m, [31;1mNoneType[0m, [31;1mtuple[0m, [31;1mtuple[0m, [31;1mtuple[0m, [32;1mint[0m)
 * (Tensor input, Tensor weight, Tensor bias, tuple of ints stride, str padding, tuple of ints dilation, int groups)
      didn't match because some of the arguments have invalid types: ([31;1mlist[0m, [31;1mParameter[0m, [31;1mNoneType[0m, [31;1mtuple[0m, [31;1mtuple[0m, [31;1mtuple[0m, [32;1mint[0m)

ERROR:root:Error during training: conv2d() received an invalid combination of arguments - got (list, Parameter, NoneType, tuple, tuple, tuple, int), but expected one of:
 * (Tensor input, Tensor weight, Tensor bias, tuple of ints stride, tuple of ints padding, tuple of ints dilation, int groups)
      didn't match because some of the arguments have invalid types: ([31;1mlist[0m, [31;1mParameter[0m, [31;1mNoneType[0m, [31;1mtuple[0m, [31;1mtuple[0m, [31;1mtuple[0m, [32;1mint[0m)
 * (Tensor input, Tensor weight, Tensor bias, tuple of ints stride, str padding, tuple of ints dilation, int groups)
      didn't match because some of the arguments have invalid types: ([31;1mlist[0m, [31;1mParameter[0m, [31;1mNoneType[0m, [31;1mtuple[0m, [31;1mtuple[0m, [31;1mtuple[0m, [32;1mint[0m)

ERROR:root:Error during training: conv2d() received an invalid combination of arguments - got (list, Parameter, NoneType, tuple, tuple, tuple, int), but expected one of:
 * (Tensor input, Tensor weight, Tensor bias, tuple of ints stride, tuple of ints padding, tuple of ints dilation, int groups)
      didn't match because some of the arguments have invalid types: ([31;1mlist[0m, [31;1mParameter[0m, [31;1mNoneType[0m, [31;1mtuple[0m, [31;1mtuple[0m, [31;1mtuple[0m, [32;1mint[0m)
 * (Tensor input, Tensor weight, Tensor bias, tuple of ints stride, str padding, tuple of ints dilation, int groups)
      didn't match because some of the arguments have invalid types: ([31;1mlist[0m, [31;1mParameter[0m, [31;1mNoneType[0m, [31;1mtuple[0m, [31;1mtuple[0m, [31;1mtuple[0m, [32;1mint[0m)

ERROR:root:Error during training: 'collections.OrderedDict' object has no attribute 'size'
ERROR:root:Error during training: 'collections.OrderedDict' object has no attribute 'size'
ERROR:root:Error during training: 'collections.OrderedDict' object has no attribute 'size'
ERROR:root:Error during training: 'pool'
ERROR:root:Error during training: 'collections.OrderedDict' object has no attribute 'size'
ERROR:root:Error during training: 'collections.OrderedDict' object has no attribute 'size'
ERROR:root:Error during training: cross_entropy_loss(): argument 'target' (position 2) must be Tensor, not list
ERROR:root:Error during training: conv2d() received an invalid combination of arguments - got (list, Parameter, NoneType, tuple, tuple, tuple, int), but expected one of:
 * (Tensor input, Tensor weight, Tensor bias, tuple of ints stride, tuple of ints padding, tuple of ints dilation, int groups)
      didn't match because some of the arguments have invalid types: ([31;1mlist[0m, [31;1mParameter[0m, [31;1mNoneType[0m, [31;1mtuple[0m, [31;1mtuple[0m, [31;1mtuple[0m, [32;1mint[0m)
 * (Tensor input, Tensor weight, Tensor bias, tuple of ints stride, str padding, tuple of ints dilation, int groups)
      didn't match because some of the arguments have invalid types: ([31;1mlist[0m, [31;1mParameter[0m, [31;1mNoneType[0m, [31;1mtuple[0m, [31;1mtuple[0m, [31;1mtuple[0m, [32;1mint[0m)

ERROR:root:Error during training: conv2d() received an invalid combination of arguments - got (list, Parameter, NoneType, tuple, tuple, tuple, int), but expected one of:
 * (Tensor input, Tensor weight, Tensor bias, tuple of ints stride, tuple of ints padding, tuple of ints dilation, int groups)
      didn't match because some of the arguments have invalid types: ([31;1mlist[0m, [31;1mParameter[0m, [31;1mNoneType[0m, [31;1mtuple[0m, [31;1mtuple[0m, [31;1mtuple[0m, [32;1mint[0m)
 * (Tensor input, Tensor weight, Tensor bias, tuple of ints stride, str padding, tuple of ints dilation, int groups)
      didn't match because some of the arguments have invalid types: ([31;1mlist[0m, [31;1mParameter[0m, [31;1mNoneType[0m, [31;1mtuple[0m, [31;1mtuple[0m, [31;1mtuple[0m, [32;1mint[0m)

ERROR:root:Error during training: conv2d() received an invalid combination of arguments - got (list, Parameter, NoneType, tuple, tuple, tuple, int), but expected one of:
 * (Tensor input, Tensor weight, Tensor bias, tuple of ints stride, tuple of ints padding, tuple of ints dilation, int groups)
      didn't match because some of the arguments have invalid types: ([31;1mlist[0m, [31;1mParameter[0m, [31;1mNoneType[0m, [31;1mtuple[0m, [31;1mtuple[0m, [31;1mtuple[0m, [32;1mint[0m)
 * (Tensor input, Tensor weight, Tensor bias, tuple of ints stride, str padding, tuple of ints dilation, int groups)
      didn't match because some of the arguments have invalid types: ([31;1mlist[0m, [31;1mParameter[0m, [31;1mNoneType[0m, [31;1mtuple[0m, [31;1mtuple[0m, [31;1mtuple[0m, [32;1mint[0m)

ERROR:root:Error during training: conv2d() received an invalid combination of arguments - got (list, Parameter, NoneType, tuple, tuple, tuple, int), but expected one of:
 * (Tensor input, Tensor weight, Tensor bias, tuple of ints stride, tuple of ints padding, tuple of ints dilation, int groups)
      didn't match because some of the arguments have invalid types: ([31;1mlist[0m, [31;1mParameter[0m, [31;1mNoneType[0m, [31;1mtuple[0m, [31;1mtuple[0m, [31;1mtuple[0m, [32;1mint[0m)
 * (Tensor input, Tensor weight, Tensor bias, tuple of ints stride, str padding, tuple of ints dilation, int groups)
      didn't match because some of the arguments have invalid types: ([31;1mlist[0m, [31;1mParameter[0m, [31;1mNoneType[0m, [31;1mtuple[0m, [31;1mtuple[0m, [31;1mtuple[0m, [32;1mint[0m)

ERROR:root:Error during training: conv2d() received an invalid combination of arguments - got (list, Parameter, NoneType, tuple, tuple, tuple, int), but expected one of:
 * (Tensor input, Tensor weight, Tensor bias, tuple of ints stride, tuple of ints padding, tuple of ints dilation, int groups)
      didn't match because some of the arguments have invalid types: ([31;1mlist[0m, [31;1mParameter[0m, [31;1mNoneType[0m, [31;1mtuple[0m, [31;1mtuple[0m, [31;1mtuple[0m, [32;1mint[0m)
 * (Tensor input, Tensor weight, Tensor bias, tuple of ints stride, str padding, tuple of ints dilation, int groups)
      didn't match because some of the arguments have invalid types: ([31;1mlist[0m, [31;1mParameter[0m, [31;1mNoneType[0m, [31;1mtuple[0m, [31;1mtuple[0m, [31;1mtuple[0m, [32;1mint[0m)

ERROR:root:Error during training: 'tuple' object has no attribute 'to'
ERROR:root:Error during training: 'tuple' object has no attribute 'to'
ERROR:root:Error during training: 'tuple' object has no attribute 'to'
ERROR:root:Error during training: cross_entropy_loss(): argument 'target' (position 2) must be Tensor, not list
ERROR:root:Error during training: cross_entropy_loss(): argument 'target' (position 2) must be Tensor, not list
ERROR:root:Error during training: name 'label' is not defined
ERROR:root:Error during training: 'tuple' object has no attribute 'to'
ERROR:root:Error during training: Expected input batch_size (1) to match target batch_size (4).
ERROR:root:Error during training: Expected input batch_size (1) to match target batch_size (4).
ERROR:root:Error during training: Expected input batch_size (1) to match target batch_size (4).
ERROR:root:Error during training: Expected input batch_size (1) to match target batch_size (4).
ERROR:root:Error during training: Expected input batch_size (1) to match target batch_size (4).
ERROR:root:Error during training: Expected input batch_size (1) to match target batch_size (4).
ERROR:root:Error during training: cross_entropy_loss(): argument 'target' (position 2) must be Tensor, not list
ERROR:root:Error during training: 0D or 1D target tensor expected, multi-target not supported
ERROR:root:Error during training: name 'weighted_losses' is not defined
ERROR:root:Error during training: name 'weighted_losses' is not defined
ERROR:root:Error during training: 'RotMaskRCNN_MultiTask' object is not subscriptable
ERROR:root:Error during training: 'RotMaskRCNN_MultiTask' object is not subscriptable
ERROR:root:Error during training: 'RotMaskRCNN_MultiTask' object is not subscriptable
ERROR:root:Error during training: 'RotMaskRCNN_MultiTask' object is not subscriptable
ERROR:root:Error during training: local variable 'loop_loss_acc' referenced before assignment
ERROR:root:Error during training: local variable 'loop_loss_acc' referenced before assignment
ERROR:root:Error during training: local variable 'loop_loss_acc' referenced before assignment
ERROR:root:Error during training: local variable 'loop_loss_acc' referenced before assignment
ERROR:root:Error during training: local variable 'loop_loss_acc' referenced before assignment
ERROR:root:Error during training: local variable 'loop_loss_acc' referenced before assignment
ERROR:root:Error during training: local variable 'loop_loss_acc' referenced before assignment
ERROR:root:Error during training: local variable 'loop_loss_acc' referenced before assignment
ERROR:root:Error during training: local variable 'loop_loss_acc' referenced before assignment
ERROR:root:Error during training: local variable 'loop_loss_acc' referenced before assignment
ERROR:root:Error during training: All bounding boxes should have positive height and width. Found invalid box [323.1312561035156, 0.0, 323.1312561035156, 0.0] for target at index 0.
ERROR:root:Error during training: unsupported operand type(s) for %: 'NoneType' and 'int'
ERROR:root:Error during training: unsupported operand type(s) for %: 'NoneType' and 'int'
